<?xml version="1.0" encoding="UTF-8"?>
<!-- Generated by org.testng.reporters.JUnitXMLReporter -->
<testsuite ignored="5" hostname="DESKTOP-UVSQTOI" failures="0" tests="2" name="TestRunner1" time="13.654" errors="0" timestamp="2023-09-20T10:57:17 IST">
  <testcase classname="TestNG.Demo1Test" name="demo1" time="0.013"/>
  <testcase classname="TestNG.simple1test" name="simple1" time="0.005"/>
  <testcase classname="com.HRA.genericutils.Baseclass" name="@BeforeSuite configBS" time="0.0">
    <ignored/>
  </testcase> <!-- @BeforeSuite configBS -->
  <testcase classname="com.HRA.genericutils.Baseclass" name="@AfterSuite configAS" time="0.0">
    <ignored/>
  </testcase> <!-- @AfterSuite configAS -->
  <testcase classname="TestNG.sample1Test" name="sample1" time="0.0">
    <ignored/>
  </testcase> <!-- sample1 -->
  <testcase classname="com.HRA.genericutils.Baseclass" name="@BeforeSuite configBS" time="0.0">
    <ignored/>
  </testcase> <!-- @BeforeSuite configBS -->
  <testcase classname="com.HRA.genericutils.Baseclass" name="@AfterSuite configAS" time="0.0">
    <ignored/>
  </testcase> <!-- @AfterSuite configAS -->
</testsuite> <!-- TestRunner1 -->
