<?xml version="1.0" encoding="UTF-8"?>
<!-- Generated by org.testng.reporters.JUnitXMLReporter -->
<testsuite ignored="4" hostname="DESKTOP-UVSQTOI" failures="2" tests="3" name="Test" time="19.497" errors="0" timestamp="2023-09-21T15:29:10 IST">
  <testcase classname="com.Admin_Home_Registration.AdminIndividualHomeRegistrationUsing_TestNGPOMscriptTest" name="AdminIndividualHomeRegistration" time="3.745">
    <failure type="java.lang.AssertionError" message="Registration is Unsuccesful expected [Registration successfull. Thank you] but found []">
      <![CDATA[java.lang.AssertionError: Registration is Unsuccesful expected [Registration successfull. Thank you] but found []
at com.Admin_Home_Registration.AdminIndividualHomeRegistrationUsing_TestNGPOMscriptTest.AdminIndividualHomeRegistration(AdminIndividualHomeRegistrationUsing_TestNGPOMscriptTest.java:69)
at java.base/java.util.ArrayList.forEach(ArrayList.java:1511)
at java.base/java.util.concurrent.FutureTask.run(FutureTask.java:264)
at java.base/java.util.concurrent.ThreadPoolExecutor.runWorker(ThreadPoolExecutor.java:1136)
at java.base/java.util.concurrent.ThreadPoolExecutor$Worker.run(ThreadPoolExecutor.java:635)
at java.base/java.lang.Thread.run(Thread.java:833)
... Removed 22 stack frames]]>
    </failure>
  </testcase> <!-- AdminIndividualHomeRegistration -->
  <testcase classname="com.AdminRaiseComplaint.AdminRaiseCompalintOnRegistredUser_TestNGPOMscriptPageTest" name="AdminRaiseCompalintOnRegistredUser_TestNGPOMscriptPageTest" time="3.387">
    <failure type="java.lang.AssertionError" message="null">
      <![CDATA[java.lang.AssertionError: null
at com.AdminRaiseComplaint.AdminRaiseCompalintOnRegistredUser_TestNGPOMscriptPageTest.AdminRaiseCompalintOnRegistredUser_TestNGPOMscriptPageTest(AdminRaiseCompalintOnRegistredUser_TestNGPOMscriptPageTest.java:42)
at java.base/java.util.ArrayList.forEach(ArrayList.java:1511)
at java.base/java.util.concurrent.FutureTask.run(FutureTask.java:264)
at java.base/java.util.concurrent.ThreadPoolExecutor.runWorker(ThreadPoolExecutor.java:1136)
at java.base/java.util.concurrent.ThreadPoolExecutor$Worker.run(ThreadPoolExecutor.java:635)
at java.base/java.lang.Thread.run(Thread.java:833)
... Removed 19 stack frames]]>
    </failure>
  </testcase> <!-- AdminRaiseCompalintOnRegistredUser_TestNGPOMscriptPageTest -->
  <testcase classname="com.AdminView.AdminViewofListOfUser_TestNgPOMScriptTest" name="AdminViewofListOfUser_TestNgPOMScriptTest" time="0.301"/>
  <testcase classname="com.HRA.genericutils.Baseclass" name="@AfterSuite configAS" time="0.0">
    <ignored/>
  </testcase> <!-- @AfterSuite configAS -->
  <testcase classname="com.HRA.genericutils.Baseclass" name="@AfterSuite configAS" time="0.0">
    <ignored/>
  </testcase> <!-- @AfterSuite configAS -->
  <testcase classname="com.HRA.genericutils.Baseclass" name="@BeforeSuite configBS" time="0.0">
    <ignored/>
  </testcase> <!-- @BeforeSuite configBS -->
  <testcase classname="com.HRA.genericutils.Baseclass" name="@BeforeSuite configBS" time="0.0">
    <ignored/>
  </testcase> <!-- @BeforeSuite configBS -->
</testsuite> <!-- Test -->
