<?xml version="1.0" encoding="UTF-8"?>
<!-- Generated by org.testng.reporters.JUnitXMLReporter -->
<testsuite ignored="5" hostname="DESKTOP-UVSQTOI" failures="0" tests="2" name="TestRunner-2" time="15.701" errors="0" timestamp="2023-09-23T11:50:14 IST">
  <testcase classname="com.Admin_Home_Registration.AdminIndividualHomeRegistrationUsing_TestNGPOMscriptTest" name="AdminIndividualHomeRegistration" time="3.717"/>
  <testcase classname="com.AdminRaiseComplaint.AdminRaiseCompalintOnRegistredUser_TestNGPOMscriptPageTest" name="AdminRaiseCompalintOnRegistredUser_TestNGPOMscriptPageTest" time="5.284"/>
  <testcase classname="com.HRA.genericutils.Baseclass" name="@BeforeSuite configBS" time="0.0">
    <ignored/>
  </testcase> <!-- @BeforeSuite configBS -->
  <testcase classname="com.HRA.genericutils.Baseclass" name="@AfterSuite configAS" time="0.0">
    <ignored/>
  </testcase> <!-- @AfterSuite configAS -->
  <testcase classname="com.HRA.genericutils.Baseclass" name="@BeforeSuite configBS" time="0.0">
    <ignored/>
  </testcase> <!-- @BeforeSuite configBS -->
  <testcase classname="com.HRA.genericutils.Baseclass" name="@AfterSuite configAS" time="0.0">
    <ignored/>
  </testcase> <!-- @AfterSuite configAS -->
  <testcase classname="com.AdminView.AdminViewofListOfUser_TestNgPOMScriptTest" name="AdminViewofListOfUser_TestNgPOMScriptTest" time="0.0">
    <ignored/>
  </testcase> <!-- AdminViewofListOfUser_TestNgPOMScriptTest -->
</testsuite> <!-- TestRunner-2 -->
