<?xml version="1.0" encoding="UTF-8"?>
<testng-results ignored="10" total="14" passed="3" failed="1" skipped="0">
  <reporter-output>
  </reporter-output>
  <suite started-at="2023-09-23T11:49:59 IST" name="Suite" finished-at="2023-09-23T11:50:19 IST" duration-ms="20459">
    <groups>
      <group name="system">
        <method signature="AdminRaiseCompalintOnRegistredUser_TestNGPOMscriptPageTest.AdminRaiseCompalintOnRegistredUser_TestNGPOMscriptPageTest()[pri:0, instance:com.AdminRaiseComplaint.AdminRaiseCompalintOnRegistredUser_TestNGPOMscriptPageTest@cb0755b]" name="AdminRaiseCompalintOnRegistredUser_TestNGPOMscriptPageTest" class="com.AdminRaiseComplaint.AdminRaiseCompalintOnRegistredUser_TestNGPOMscriptPageTest"/>
        <method signature="AdminIndividualHomeRegistrationUsing_TestNGPOMscriptTest.AdminIndividualHomeRegistration()[pri:0, instance:com.Admin_Home_Registration.AdminIndividualHomeRegistrationUsing_TestNGPOMscriptTest@795509d9]" name="AdminIndividualHomeRegistration" class="com.Admin_Home_Registration.AdminIndividualHomeRegistrationUsing_TestNGPOMscriptTest"/>
        <method signature="AdminRaiseCompalintOnRegistredUser_TestNGPOMscriptPageTest.AdminRaiseCompalintOnRegistredUser_TestNGPOMscriptPageTest()[pri:0, instance:com.AdminRaiseComplaint.AdminRaiseCompalintOnRegistredUser_TestNGPOMscriptPageTest@4082ba93]" name="AdminRaiseCompalintOnRegistredUser_TestNGPOMscriptPageTest" class="com.AdminRaiseComplaint.AdminRaiseCompalintOnRegistredUser_TestNGPOMscriptPageTest"/>
        <method signature="AdminIndividualHomeRegistrationUsing_TestNGPOMscriptTest.AdminIndividualHomeRegistration()[pri:0, instance:com.Admin_Home_Registration.AdminIndividualHomeRegistrationUsing_TestNGPOMscriptTest@4a003cbe]" name="AdminIndividualHomeRegistration" class="com.Admin_Home_Registration.AdminIndividualHomeRegistrationUsing_TestNGPOMscriptTest"/>
      </group> <!-- system -->
    </groups>
    <test started-at="2023-09-23T11:49:59 IST" name="TestRunner-2" finished-at="2023-09-23T11:50:14 IST" duration-ms="15701">
      <class name="com.Admin_Home_Registration.AdminIndividualHomeRegistrationUsing_TestNGPOMscriptTest">
        <test-method is-config="true" signature="configBS()[pri:0, instance:com.Admin_Home_Registration.AdminIndividualHomeRegistrationUsing_TestNGPOMscriptTest@4a003cbe]" started-at="2023-09-23T11:49:58 IST" name="configBS" finished-at="2023-09-23T11:49:59 IST" duration-ms="214" status="PASS">
          <reporter-output>
          </reporter-output>
        </test-method> <!-- configBS -->
        <test-method is-config="true" signature="configBC()[pri:0, instance:com.Admin_Home_Registration.AdminIndividualHomeRegistrationUsing_TestNGPOMscriptTest@4a003cbe]" started-at="2023-09-23T11:49:59 IST" name="configBC" finished-at="2023-09-23T11:50:02 IST" duration-ms="3308" status="PASS">
          <reporter-output>
          </reporter-output>
        </test-method> <!-- configBC -->
        <test-method signature="AdminIndividualHomeRegistration()[pri:0, instance:com.Admin_Home_Registration.AdminIndividualHomeRegistrationUsing_TestNGPOMscriptTest@4a003cbe]" started-at="2023-09-23T11:50:02 IST" name="AdminIndividualHomeRegistration" finished-at="2023-09-23T11:50:06 IST" duration-ms="3717" status="PASS">
          <reporter-output>
          </reporter-output>
        </test-method> <!-- AdminIndividualHomeRegistration -->
        <test-method is-config="true" signature="configAM()[pri:0, instance:com.Admin_Home_Registration.AdminIndividualHomeRegistrationUsing_TestNGPOMscriptTest@4a003cbe]" started-at="2023-09-23T11:50:06 IST" name="configAM" finished-at="2023-09-23T11:50:06 IST" duration-ms="193" status="PASS">
          <reporter-output>
          </reporter-output>
        </test-method> <!-- configAM -->
        <test-method is-config="true" signature="configAC()[pri:0, instance:com.Admin_Home_Registration.AdminIndividualHomeRegistrationUsing_TestNGPOMscriptTest@4a003cbe]" started-at="2023-09-23T11:50:06 IST" name="configAC" finished-at="2023-09-23T11:50:06 IST" duration-ms="327" status="PASS">
          <reporter-output>
          </reporter-output>
        </test-method> <!-- configAC -->
        <test-method is-config="true" signature="configAS()[pri:0, instance:com.Admin_Home_Registration.AdminIndividualHomeRegistrationUsing_TestNGPOMscriptTest@4a003cbe]" started-at="2023-09-23T11:50:19 IST" name="configAS" finished-at="2023-09-23T11:50:19 IST" duration-ms="12" status="PASS">
          <reporter-output>
          </reporter-output>
        </test-method> <!-- configAS -->
      </class> <!-- com.Admin_Home_Registration.AdminIndividualHomeRegistrationUsing_TestNGPOMscriptTest -->
      <class name="com.AdminRaiseComplaint.AdminRaiseCompalintOnRegistredUser_TestNGPOMscriptPageTest">
        <test-method is-config="true" signature="configBC()[pri:0, instance:com.AdminRaiseComplaint.AdminRaiseCompalintOnRegistredUser_TestNGPOMscriptPageTest@4082ba93]" started-at="2023-09-23T11:50:06 IST" name="configBC" finished-at="2023-09-23T11:50:09 IST" duration-ms="2534" status="PASS">
          <reporter-output>
          </reporter-output>
        </test-method> <!-- configBC -->
        <test-method signature="AdminRaiseCompalintOnRegistredUser_TestNGPOMscriptPageTest()[pri:0, instance:com.AdminRaiseComplaint.AdminRaiseCompalintOnRegistredUser_TestNGPOMscriptPageTest@4082ba93]" started-at="2023-09-23T11:50:09 IST" name="AdminRaiseCompalintOnRegistredUser_TestNGPOMscriptPageTest" finished-at="2023-09-23T11:50:14 IST" duration-ms="5284" status="PASS">
          <reporter-output>
          </reporter-output>
        </test-method> <!-- AdminRaiseCompalintOnRegistredUser_TestNGPOMscriptPageTest -->
        <test-method is-config="true" signature="configAM()[pri:0, instance:com.AdminRaiseComplaint.AdminRaiseCompalintOnRegistredUser_TestNGPOMscriptPageTest@4082ba93]" started-at="2023-09-23T11:50:14 IST" name="configAM" finished-at="2023-09-23T11:50:14 IST" duration-ms="123" status="PASS">
          <reporter-output>
          </reporter-output>
        </test-method> <!-- configAM -->
        <test-method is-config="true" signature="configAC()[pri:0, instance:com.AdminRaiseComplaint.AdminRaiseCompalintOnRegistredUser_TestNGPOMscriptPageTest@4082ba93]" started-at="2023-09-23T11:50:14 IST" name="configAC" finished-at="2023-09-23T11:50:14 IST" duration-ms="137" status="PASS">
          <reporter-output>
          </reporter-output>
        </test-method> <!-- configAC -->
      </class> <!-- com.AdminRaiseComplaint.AdminRaiseCompalintOnRegistredUser_TestNGPOMscriptPageTest -->
    </test> <!-- TestRunner-2 -->
    <test started-at="2023-09-23T11:49:59 IST" name="TestRunner-1" finished-at="2023-09-23T11:50:19 IST" duration-ms="20459">
      <class name="com.Admin_Home_Registration.AdminIndividualHomeRegistrationUsing_TestNGPOMscriptTest">
        <test-method is-config="true" signature="configBC()[pri:0, instance:com.Admin_Home_Registration.AdminIndividualHomeRegistrationUsing_TestNGPOMscriptTest@795509d9]" started-at="2023-09-23T11:49:59 IST" name="configBC" finished-at="2023-09-23T11:50:03 IST" duration-ms="4281" status="PASS">
          <reporter-output>
          </reporter-output>
        </test-method> <!-- configBC -->
        <test-method signature="AdminIndividualHomeRegistration()[pri:0, instance:com.Admin_Home_Registration.AdminIndividualHomeRegistrationUsing_TestNGPOMscriptTest@795509d9]" started-at="2023-09-23T11:50:03 IST" name="AdminIndividualHomeRegistration" finished-at="2023-09-23T11:50:06 IST" duration-ms="2871" status="FAIL">
          <exception class="java.lang.AssertionError">
            <message>
              <![CDATA[Registration is Unsuccesful expected [Registration successfull. Thank you] but found []]]>
            </message>
            <full-stacktrace>
              <![CDATA[java.lang.AssertionError: Registration is Unsuccesful expected [Registration successfull. Thank you] but found []
at org.testng.Assert.fail(Assert.java:110)
at org.testng.Assert.failNotEquals(Assert.java:1577)
at org.testng.Assert.assertEqualsImpl(Assert.java:149)
at org.testng.Assert.assertEquals(Assert.java:131)
at org.testng.Assert.assertEquals(Assert.java:655)
at com.Admin_Home_Registration.AdminIndividualHomeRegistrationUsing_TestNGPOMscriptTest.AdminIndividualHomeRegistration(AdminIndividualHomeRegistrationUsing_TestNGPOMscriptTest.java:76)
at java.base/jdk.internal.reflect.NativeMethodAccessorImpl.invoke0(Native Method)
at java.base/jdk.internal.reflect.NativeMethodAccessorImpl.invoke(NativeMethodAccessorImpl.java:77)
at java.base/jdk.internal.reflect.DelegatingMethodAccessorImpl.invoke(DelegatingMethodAccessorImpl.java:43)
at java.base/java.lang.reflect.Method.invoke(Method.java:568)
at org.testng.internal.invokers.MethodInvocationHelper.invokeMethod(MethodInvocationHelper.java:139)
at org.testng.internal.invokers.TestInvoker.invokeMethod(TestInvoker.java:677)
at org.testng.internal.invokers.TestInvoker.invokeTestMethod(TestInvoker.java:221)
at org.testng.internal.invokers.MethodRunner.runInSequence(MethodRunner.java:50)
at org.testng.internal.invokers.TestInvoker$MethodInvocationAgent.invoke(TestInvoker.java:969)
at org.testng.internal.invokers.TestInvoker.invokeTestMethods(TestInvoker.java:194)
at org.testng.internal.invokers.TestMethodWorker.invokeTestMethods(TestMethodWorker.java:148)
at org.testng.internal.invokers.TestMethodWorker.run(TestMethodWorker.java:128)
at java.base/java.util.ArrayList.forEach(ArrayList.java:1511)
at org.testng.TestRunner.privateRun(TestRunner.java:829)
at org.testng.TestRunner.run(TestRunner.java:602)
at org.testng.SuiteRunner.runTest(SuiteRunner.java:437)
at org.testng.SuiteRunner$SuiteWorker.run(SuiteRunner.java:475)
at org.testng.internal.thread.ThreadUtil.lambda$execute$0(ThreadUtil.java:58)
at java.base/java.util.concurrent.FutureTask.run(FutureTask.java:264)
at java.base/java.util.concurrent.ThreadPoolExecutor.runWorker(ThreadPoolExecutor.java:1136)
at java.base/java.util.concurrent.ThreadPoolExecutor$Worker.run(ThreadPoolExecutor.java:635)
at java.base/java.lang.Thread.run(Thread.java:833)
]]>
            </full-stacktrace>
          </exception> <!-- java.lang.AssertionError -->
          <reporter-output>
          </reporter-output>
        </test-method> <!-- AdminIndividualHomeRegistration -->
        <test-method is-config="true" signature="configAM()[pri:0, instance:com.Admin_Home_Registration.AdminIndividualHomeRegistrationUsing_TestNGPOMscriptTest@795509d9]" started-at="2023-09-23T11:50:06 IST" name="configAM" finished-at="2023-09-23T11:50:06 IST" duration-ms="247" status="PASS">
          <reporter-output>
          </reporter-output>
        </test-method> <!-- configAM -->
        <test-method is-config="true" signature="configAC()[pri:0, instance:com.Admin_Home_Registration.AdminIndividualHomeRegistrationUsing_TestNGPOMscriptTest@795509d9]" started-at="2023-09-23T11:50:06 IST" name="configAC" finished-at="2023-09-23T11:50:06 IST" duration-ms="301" status="PASS">
          <reporter-output>
          </reporter-output>
        </test-method> <!-- configAC -->
      </class> <!-- com.Admin_Home_Registration.AdminIndividualHomeRegistrationUsing_TestNGPOMscriptTest -->
      <class name="com.AdminRaiseComplaint.AdminRaiseCompalintOnRegistredUser_TestNGPOMscriptPageTest">
        <test-method is-config="true" signature="configBC()[pri:0, instance:com.AdminRaiseComplaint.AdminRaiseCompalintOnRegistredUser_TestNGPOMscriptPageTest@cb0755b]" started-at="2023-09-23T11:50:06 IST" name="configBC" finished-at="2023-09-23T11:50:10 IST" duration-ms="3497" status="PASS">
          <reporter-output>
          </reporter-output>
        </test-method> <!-- configBC -->
        <test-method signature="AdminRaiseCompalintOnRegistredUser_TestNGPOMscriptPageTest()[pri:0, instance:com.AdminRaiseComplaint.AdminRaiseCompalintOnRegistredUser_TestNGPOMscriptPageTest@cb0755b]" started-at="2023-09-23T11:50:10 IST" name="AdminRaiseCompalintOnRegistredUser_TestNGPOMscriptPageTest" finished-at="2023-09-23T11:50:19 IST" duration-ms="8866" status="PASS">
          <reporter-output>
          </reporter-output>
        </test-method> <!-- AdminRaiseCompalintOnRegistredUser_TestNGPOMscriptPageTest -->
        <test-method is-config="true" signature="configAM()[pri:0, instance:com.AdminRaiseComplaint.AdminRaiseCompalintOnRegistredUser_TestNGPOMscriptPageTest@cb0755b]" started-at="2023-09-23T11:50:19 IST" name="configAM" finished-at="2023-09-23T11:50:19 IST" duration-ms="153" status="PASS">
          <reporter-output>
          </reporter-output>
        </test-method> <!-- configAM -->
        <test-method is-config="true" signature="configAC()[pri:0, instance:com.AdminRaiseComplaint.AdminRaiseCompalintOnRegistredUser_TestNGPOMscriptPageTest@cb0755b]" started-at="2023-09-23T11:50:19 IST" name="configAC" finished-at="2023-09-23T11:50:19 IST" duration-ms="214" status="PASS">
          <reporter-output>
          </reporter-output>
        </test-method> <!-- configAC -->
      </class> <!-- com.AdminRaiseComplaint.AdminRaiseCompalintOnRegistredUser_TestNGPOMscriptPageTest -->
    </test> <!-- TestRunner-1 -->
  </suite> <!-- Suite -->
</testng-results>
